   INFO | Calculating phase advances | optics_measurements.phase
   INFO | Measured tune in plane X = 0.5441202972874497 | optics_measurements.phase
   INFO | Phase advance beating in phase_x.tfs = 0.08007059676199645 | optics_measurements.phase
   INFO | Phase advance beating in total_phase_x.tfs = 0.09734743377968233 | optics_measurements.phase
  DEBUG | Accelerator Error Definition | optics_measurements.beta_from_phase
  DEBUG | Start creating uncertainty information | optics_measurements.beta_from_phase
  DEBUG | creating uncertainty information for RegEx ^Q | optics_measurements.beta_from_phase
  DEBUG | creating uncertainty information for RegEx ^S | optics_measurements.beta_from_phase
  DEBUG | creating uncertainty information for RegEx ^MQ | optics_measurements.beta_from_phase
  DEBUG | DONE creating uncertainty information | optics_measurements.beta_from_phase
  DEBUG | No best knowledge model - using the normal one. | optics_measurements.beta_from_phase
  DEBUG | No valid combinations for BPMs: []. | optics_measurements.beta_from_phase
   INFO | Errors from Analytical N-BPM method | optics_measurements.beta_from_phase
   INFO |  - RMS beta beat: 6.114% | optics_measurements.beta_from_phase
  DEBUG | Accelerator SKekB has not get_ips method. | optics_measurements.interaction_point
   INFO | Calculating phase advances | optics_measurements.phase
   INFO | Measured tune in plane Y = 0.6051370637458667 | optics_measurements.phase
   INFO | Phase advance beating in phase_y.tfs = 0.11912030537791223 | optics_measurements.phase
   INFO | Phase advance beating in total_phase_y.tfs = 0.11515028847782928 | optics_measurements.phase
  DEBUG | Accelerator Error Definition | optics_measurements.beta_from_phase
  DEBUG | Start creating uncertainty information | optics_measurements.beta_from_phase
  DEBUG | creating uncertainty information for RegEx ^Q | optics_measurements.beta_from_phase
  DEBUG | creating uncertainty information for RegEx ^S | optics_measurements.beta_from_phase
  DEBUG | creating uncertainty information for RegEx ^MQ | optics_measurements.beta_from_phase
  DEBUG | DONE creating uncertainty information | optics_measurements.beta_from_phase
  DEBUG | No best knowledge model - using the normal one. | optics_measurements.beta_from_phase
  DEBUG | ValueError or no combinations left at MQC2RE. | optics_measurements.beta_from_phase
  DEBUG | betas:
[] | optics_measurements.beta_from_phase
  DEBUG | alphas:
[] | optics_measurements.beta_from_phase
  DEBUG | No valid combinations for BPMs: ['MQC2RE']. | optics_measurements.beta_from_phase
   INFO | Errors from Analytical N-BPM method | optics_measurements.beta_from_phase
   INFO |  - RMS beta beat: 178.985% | optics_measurements.beta_from_phase
  DEBUG | Accelerator SKekB has not get_ips method. | optics_measurements.interaction_point
